# JRE version: Java(TM) SE Runtime Environment (8.0_131-b11) (build 1.8.0_131-b11)
# Java VM: Java HotSpot(TM) 64-Bit Server VM (25.131-b11 mixed mode windows-amd64 compressed oops)
Heap:
 PSYoungGen      total 141312K, used 23538K [0x00000000d5e00000, 0x00000000e6000000, 0x0000000100000000)
  eden space 133120K, 11% used [0x00000000d5e00000,0x00000000d6cfec88,0x00000000de000000)
  from space 8192K, 99% used [0x00000000de000000,0x00000000de7fde40,0x00000000de800000)
  to   space 11264K, 0% used [0x00000000e5500000,0x00000000e5500000,0x00000000e6000000)
 ParOldGen       total 47104K, used 10249K [0x0000000081a00000, 0x0000000084800000, 0x00000000d5e00000)
  object space 47104K, 21% used [0x0000000081a00000,0x00000000824027a8,0x0000000084800000)
 Metaspace       used 28941K, capacity 29974K, committed 30204K, reserved 1075200K
  class space    used 3783K, capacity 4009K, committed 4092K, reserved 1048576K
GC Heap History (10 events):
Event: 3.188 GC heap before
{Heap before GC invocations=4 (full 0):
 PSYoungGen      total 38400K, used 38395K [0x00000000d5e00000, 0x00000000da900000, 0x0000000100000000)
  eden space 33280K, 100% used [0x00000000d5e00000,0x00000000d7e80000,0x00000000d7e80000)
  from space 5120K, 99% used [0x00000000d7e80000,0x00000000d837ed18,0x00000000d8380000)
  to   space 5120K, 0% used [0x00000000da400000,0x00000000da400000,0x00000000da900000)
 ParOldGen       total 87552K, used 127K [0x0000000081a00000, 0x0000000086f80000, 0x00000000d5e00000)
  object space 87552K, 0% used [0x0000000081a00000,0x0000000081a1fe48,0x0000000086f80000)
 Metaspace       used 17418K, capacity 17956K, committed 18048K, reserved 1064960K
  class space    used 2292K, capacity 2432K, committed 2432K, reserved 1048576K
Event: 3.201 GC heap after
Heap after GC invocations=4 (full 0):
 PSYoungGen      total 71680K, used 5100K [0x00000000d5e00000, 0x00000000da900000, 0x0000000100000000)
  eden space 66560K, 0% used [0x00000000d5e00000,0x00000000d5e00000,0x00000000d9f00000)
  from space 5120K, 99% used [0x00000000da400000,0x00000000da8fb338,0x00000000da900000)
  to   space 5120K, 0% used [0x00000000d9f00000,0x00000000d9f00000,0x00000000da400000)
 ParOldGen       total 87552K, used 1402K [0x0000000081a00000, 0x0000000086f80000, 0x00000000d5e00000)
  object space 87552K, 1% used [0x0000000081a00000,0x0000000081b5eaa8,0x0000000086f80000)
 Metaspace       used 17418K, capacity 17956K, committed 18048K, reserved 1064960K
  class space    used 2292K, capacity 2432K, committed 2432K, reserved 1048576K
}
Event: 3.545 GC heap before
{Heap before GC invocations=5 (full 0):
 PSYoungGen      total 71680K, used 37798K [0x00000000d5e00000, 0x00000000da900000, 0x0000000100000000)
  eden space 66560K, 49% used [0x00000000d5e00000,0x00000000d7dee798,0x00000000d9f00000)
  from space 5120K, 99% used [0x00000000da400000,0x00000000da8fb338,0x00000000da900000)
  to   space 5120K, 0% used [0x00000000d9f00000,0x00000000d9f00000,0x00000000da400000)
 ParOldGen       total 87552K, used 1402K [0x0000000081a00000, 0x0000000086f80000, 0x00000000d5e00000)
  object space 87552K, 1% used [0x0000000081a00000,0x0000000081b5eaa8,0x0000000086f80000)
 Metaspace       used 20633K, capacity 21258K, committed 21504K, reserved 1069056K
  class space    used 2652K, capacity 2801K, committed 2816K, reserved 1048576K
Event: 3.560 GC heap after
Heap after GC invocations=5 (full 0):
 PSYoungGen      total 71680K, used 5110K [0x00000000d5e00000, 0x00000000df000000, 0x0000000100000000)
  eden space 66560K, 0% used [0x00000000d5e00000,0x00000000d5e00000,0x00000000d9f00000)
  from space 5120K, 99% used [0x00000000d9f00000,0x00000000da3fd9d0,0x00000000da400000)
  to   space 8192K, 0% used [0x00000000de800000,0x00000000de800000,0x00000000df000000)
 ParOldGen       total 87552K, used 3881K [0x0000000081a00000, 0x0000000086f80000, 0x00000000d5e00000)
  object space 87552K, 4% used [0x0000000081a00000,0x0000000081dca7f8,0x0000000086f80000)
 Metaspace       used 20633K, capacity 21258K, committed 21504K, reserved 1069056K
  class space    used 2652K, capacity 2801K, committed 2816K, reserved 1048576K
}
Event: 3.596 GC heap before
{Heap before GC invocations=6 (full 0):
 PSYoungGen      total 71680K, used 9732K [0x00000000d5e00000, 0x00000000df000000, 0x0000000100000000)
  eden space 66560K, 6% used [0x00000000d5e00000,0x00000000d6283a10,0x00000000d9f00000)
  from space 5120K, 99% used [0x00000000d9f00000,0x00000000da3fd9d0,0x00000000da400000)
  to   space 8192K, 0% used [0x00000000de800000,0x00000000de800000,0x00000000df000000)
 ParOldGen       total 87552K, used 3881K [0x0000000081a00000, 0x0000000086f80000, 0x00000000d5e00000)
  object space 87552K, 4% used [0x0000000081a00000,0x0000000081dca7f8,0x0000000086f80000)
 Metaspace       used 20947K, capacity 21504K, committed 21628K, reserved 1069056K
  class space    used 2694K, capacity 2836K, committed 2940K, reserved 1048576K
Event: 3.605 GC heap after
Heap after GC invocations=6 (full 0):
 PSYoungGen      total 141312K, used 5395K [0x00000000d5e00000, 0x00000000df000000, 0x0000000100000000)
  eden space 133120K, 0% used [0x00000000d5e00000,0x00000000d5e00000,0x00000000de000000)
  from space 8192K, 65% used [0x00000000de800000,0x00000000ded44c78,0x00000000df000000)
  to   space 8192K, 0% used [0x00000000de000000,0x00000000de000000,0x00000000de800000)
 ParOldGen       total 87552K, used 3889K [0x0000000081a00000, 0x0000000086f80000, 0x00000000d5e00000)
  object space 87552K, 4% used [0x0000000081a00000,0x0000000081dcc7f8,0x0000000086f80000)
 Metaspace       used 20947K, capacity 21504K, committed 21628K, reserved 1069056K
  class space    used 2694K, capacity 2836K, committed 2940K, reserved 1048576K
}
Event: 3.605 GC heap before
{Heap before GC invocations=7 (full 1):
 PSYoungGen      total 141312K, used 5395K [0x00000000d5e00000, 0x00000000df000000, 0x0000000100000000)
  eden space 133120K, 0% used [0x00000000d5e00000,0x00000000d5e00000,0x00000000de000000)
  from space 8192K, 65% used [0x00000000de800000,0x00000000ded44c78,0x00000000df000000)
  to   space 8192K, 0% used [0x00000000de000000,0x00000000de000000,0x00000000de800000)
 ParOldGen       total 87552K, used 3889K [0x0000000081a00000, 0x0000000086f80000, 0x00000000d5e00000)
  object space 87552K, 4% used [0x0000000081a00000,0x0000000081dcc7f8,0x0000000086f80000)
 Metaspace       used 20947K, capacity 21504K, committed 21628K, reserved 1069056K
  class space    used 2694K, capacity 2836K, committed 2940K, reserved 1048576K
Event: 3.647 GC heap after
Heap after GC invocations=7 (full 1):
 PSYoungGen      total 141312K, used 0K [0x00000000d5e00000, 0x00000000df000000, 0x0000000100000000)
  eden space 133120K, 0% used [0x00000000d5e00000,0x00000000d5e00000,0x00000000de000000)
  from space 8192K, 0% used [0x00000000de800000,0x00000000de800000,0x00000000df000000)
  to   space 8192K, 0% used [0x00000000de000000,0x00000000de000000,0x00000000de800000)
 ParOldGen       total 47104K, used 5784K [0x0000000081a00000, 0x0000000084800000, 0x00000000d5e00000)
  object space 47104K, 12% used [0x0000000081a00000,0x0000000081fa6138,0x0000000084800000)
 Metaspace       used 20947K, capacity 21504K, committed 21628K, reserved 1069056K
  class space    used 2694K, capacity 2836K, committed 2940K, reserved 1048576K
}
Event: 4.969 GC heap before
{Heap before GC invocations=8 (full 1):
 PSYoungGen      total 141312K, used 133120K [0x00000000d5e00000, 0x00000000df000000, 0x0000000100000000)
  eden space 133120K, 100% used [0x00000000d5e00000,0x00000000de000000,0x00000000de000000)
  from space 8192K, 0% used [0x00000000de800000,0x00000000de800000,0x00000000df000000)
  to   space 8192K, 0% used [0x00000000de000000,0x00000000de000000,0x00000000de800000)
 ParOldGen       total 47104K, used 5784K [0x0000000081a00000, 0x0000000084800000, 0x00000000d5e00000)
  object space 47104K, 12% used [0x0000000081a00000,0x0000000081fa6138,0x0000000084800000)
 Metaspace       used 28030K, capacity 29028K, committed 29308K, reserved 1075200K
  class space    used 3672K, capacity 3910K, committed 3964K, reserved 1048576K
Event: 4.988 GC heap after
Heap after GC invocations=8 (full 1):
 PSYoungGen      total 141312K, used 8183K [0x00000000d5e00000, 0x00000000e6000000, 0x0000000100000000)
  eden space 133120K, 0% used [0x00000000d5e00000,0x00000000d5e00000,0x00000000de000000)
  from space 8192K, 99% used [0x00000000de000000,0x00000000de7fde40,0x00000000de800000)
  to   space 11264K, 0% used [0x00000000e5500000,0x00000000e5500000,0x00000000e6000000)
 ParOldGen       total 47104K, used 10249K [0x0000000081a00000, 0x0000000084800000, 0x00000000d5e00000)
  object space 47104K, 21% used [0x0000000081a00000,0x00000000824027a8,0x0000000084800000)
 Metaspace       used 28030K, capacity 29028K, committed 29308K, reserved 1075200K
  class space    used 3672K, capacity 3910K, committed 3964K, reserved 1048576K
}

