# JRE version: Java(TM) SE Runtime Environment (8.0_131-b11) (build 1.8.0_131-b11)
# Java VM: Java HotSpot(TM) 64-Bit Server VM (25.131-b11 mixed mode windows-amd64 compressed oops)
Heap:
 PSYoungGen      total 302080K, used 207577K [0x00000000eab00000, 0x0000000100000000, 0x0000000100000000)
  eden space 282624K, 66% used [0x00000000eab00000,0x00000000f631fd40,0x00000000fbf00000)
  from space 19456K, 97% used [0x00000000fbf00000,0x00000000fd196a68,0x00000000fd200000)
  to   space 33792K, 0% used [0x00000000fdf00000,0x00000000fdf00000,0x0000000100000000)
 ParOldGen       total 95744K, used 61221K [0x00000000c0000000, 0x00000000c5d80000, 0x00000000eab00000)
  object space 95744K, 63% used [0x00000000c0000000,0x00000000c3bc9760,0x00000000c5d80000)
 Metaspace       used 57015K, capacity 58432K, committed 58664K, reserved 1099776K
  class space    used 7560K, capacity 7965K, committed 7984K, reserved 1048576K
GC Heap History (10 events):
Event: 6085.049 GC heap before
{Heap before GC invocations=21 (full 2):
 PSYoungGen      total 229888K, used 229859K [0x00000000eab00000, 0x00000000faa00000, 0x0000000100000000)
  eden space 217600K, 100% used [0x00000000eab00000,0x00000000f7f80000,0x00000000f7f80000)
  from space 12288K, 99% used [0x00000000f9180000,0x00000000f9d78dd0,0x00000000f9d80000)
  to   space 18432K, 0% used [0x00000000f7f80000,0x00000000f7f80000,0x00000000f9180000)
 ParOldGen       total 95744K, used 36410K [0x00000000c0000000, 0x00000000c5d80000, 0x00000000eab00000)
  object space 95744K, 38% used [0x00000000c0000000,0x00000000c238e960,0x00000000c5d80000)
 Metaspace       used 48814K, capacity 50046K, committed 50344K, reserved 1093632K
  class space    used 6666K, capacity 7032K, committed 7088K, reserved 1048576K
Event: 6085.105 GC heap after
Heap after GC invocations=21 (full 2):
 PSYoungGen      total 236032K, used 18423K [0x00000000eab00000, 0x00000000fcc80000, 0x0000000100000000)
  eden space 217600K, 0% used [0x00000000eab00000,0x00000000eab00000,0x00000000f7f80000)
  from space 18432K, 99% used [0x00000000f7f80000,0x00000000f917df48,0x00000000f9180000)
  to   space 22016K, 0% used [0x00000000fb700000,0x00000000fb700000,0x00000000fcc80000)
 ParOldGen       total 95744K, used 39167K [0x00000000c0000000, 0x00000000c5d80000, 0x00000000eab00000)
  object space 95744K, 40% used [0x00000000c0000000,0x00000000c263ff60,0x00000000c5d80000)
 Metaspace       used 48814K, capacity 50046K, committed 50344K, reserved 1093632K
  class space    used 6666K, capacity 7032K, committed 7088K, reserved 1048576K
}
Event: 6088.487 GC heap before
{Heap before GC invocations=22 (full 2):
 PSYoungGen      total 236032K, used 236023K [0x00000000eab00000, 0x00000000fcc80000, 0x0000000100000000)
  eden space 217600K, 100% used [0x00000000eab00000,0x00000000f7f80000,0x00000000f7f80000)
  from space 18432K, 99% used [0x00000000f7f80000,0x00000000f917df48,0x00000000f9180000)
  to   space 22016K, 0% used [0x00000000fb700000,0x00000000fb700000,0x00000000fcc80000)
 ParOldGen       total 95744K, used 39167K [0x00000000c0000000, 0x00000000c5d80000, 0x00000000eab00000)
  object space 95744K, 40% used [0x00000000c0000000,0x00000000c263ff60,0x00000000c5d80000)
 Metaspace       used 49493K, capacity 50736K, committed 50856K, reserved 1093632K
  class space    used 6683K, capacity 7067K, committed 7088K, reserved 1048576K
Event: 6088.516 GC heap after
Heap after GC invocations=22 (full 2):
 PSYoungGen      total 271360K, used 20478K [0x00000000eab00000, 0x00000000fd100000, 0x0000000100000000)
  eden space 249344K, 0% used [0x00000000eab00000,0x00000000eab00000,0x00000000f9e80000)
  from space 22016K, 93% used [0x00000000fb700000,0x00000000fcaffa68,0x00000000fcc80000)
  to   space 25088K, 0% used [0x00000000f9e80000,0x00000000f9e80000,0x00000000fb700000)
 ParOldGen       total 95744K, used 39199K [0x00000000c0000000, 0x00000000c5d80000, 0x00000000eab00000)
  object space 95744K, 40% used [0x00000000c0000000,0x00000000c2647f60,0x00000000c5d80000)
 Metaspace       used 49493K, capacity 50736K, committed 50856K, reserved 1093632K
  class space    used 6683K, capacity 7067K, committed 7088K, reserved 1048576K
}
Event: 6089.517 GC heap before
{Heap before GC invocations=23 (full 2):
 PSYoungGen      total 271360K, used 269822K [0x00000000eab00000, 0x00000000fd100000, 0x0000000100000000)
  eden space 249344K, 100% used [0x00000000eab00000,0x00000000f9e80000,0x00000000f9e80000)
  from space 22016K, 93% used [0x00000000fb700000,0x00000000fcaffa68,0x00000000fcc80000)
  to   space 25088K, 0% used [0x00000000f9e80000,0x00000000f9e80000,0x00000000fb700000)
 ParOldGen       total 95744K, used 39199K [0x00000000c0000000, 0x00000000c5d80000, 0x00000000eab00000)
  object space 95744K, 40% used [0x00000000c0000000,0x00000000c2647f60,0x00000000c5d80000)
 Metaspace       used 49508K, capacity 50736K, committed 50856K, reserved 1093632K
  class space    used 6683K, capacity 7067K, committed 7088K, reserved 1048576K
Event: 6089.559 GC heap after
Heap after GC invocations=23 (full 2):
 PSYoungGen      total 274432K, used 19431K [0x00000000eab00000, 0x0000000100000000, 0x0000000100000000)
  eden space 249344K, 0% used [0x00000000eab00000,0x00000000eab00000,0x00000000f9e80000)
  from space 25088K, 77% used [0x00000000f9e80000,0x00000000fb179f38,0x00000000fb700000)
  to   space 26624K, 0% used [0x00000000fe600000,0x00000000fe600000,0x0000000100000000)
 ParOldGen       total 95744K, used 39207K [0x00000000c0000000, 0x00000000c5d80000, 0x00000000eab00000)
  object space 95744K, 40% used [0x00000000c0000000,0x00000000c2649f60,0x00000000c5d80000)
 Metaspace       used 49508K, capacity 50736K, committed 50856K, reserved 1093632K
  class space    used 6683K, capacity 7067K, committed 7088K, reserved 1048576K
}
Event: 6098.151 GC heap before
{Heap before GC invocations=24 (full 2):
 PSYoungGen      total 274432K, used 268775K [0x00000000eab00000, 0x0000000100000000, 0x0000000100000000)
  eden space 249344K, 100% used [0x00000000eab00000,0x00000000f9e80000,0x00000000f9e80000)
  from space 25088K, 77% used [0x00000000f9e80000,0x00000000fb179f38,0x00000000fb700000)
  to   space 26624K, 0% used [0x00000000fe600000,0x00000000fe600000,0x0000000100000000)
 ParOldGen       total 95744K, used 39207K [0x00000000c0000000, 0x00000000c5d80000, 0x00000000eab00000)
  object space 95744K, 40% used [0x00000000c0000000,0x00000000c2649f60,0x00000000c5d80000)
 Metaspace       used 55429K, capacity 56664K, committed 57000K, reserved 1097728K
  class space    used 7372K, capacity 7751K, committed 7856K, reserved 1048576K
Event: 6098.195 GC heap after
Heap after GC invocations=24 (full 2):
 PSYoungGen      total 309248K, used 26623K [0x00000000eab00000, 0x0000000100000000, 0x0000000100000000)
  eden space 282624K, 0% used [0x00000000eab00000,0x00000000eab00000,0x00000000fbf00000)
  from space 26624K, 99% used [0x00000000fe600000,0x00000000fffffda8,0x0000000100000000)
  to   space 33280K, 0% used [0x00000000fbf00000,0x00000000fbf00000,0x00000000fdf80000)
 ParOldGen       total 95744K, used 46202K [0x00000000c0000000, 0x00000000c5d80000, 0x00000000eab00000)
  object space 95744K, 48% used [0x00000000c0000000,0x00000000c2d1e8b8,0x00000000c5d80000)
 Metaspace       used 55429K, capacity 56664K, committed 57000K, reserved 1097728K
  class space    used 7372K, capacity 7751K, committed 7856K, reserved 1048576K
}
Event: 6228.716 GC heap before
{Heap before GC invocations=25 (full 2):
 PSYoungGen      total 309248K, used 309247K [0x00000000eab00000, 0x0000000100000000, 0x0000000100000000)
  eden space 282624K, 100% used [0x00000000eab00000,0x00000000fbf00000,0x00000000fbf00000)
  from space 26624K, 99% used [0x00000000fe600000,0x00000000fffffda8,0x0000000100000000)
  to   space 33280K, 0% used [0x00000000fbf00000,0x00000000fbf00000,0x00000000fdf80000)
 ParOldGen       total 95744K, used 46202K [0x00000000c0000000, 0x00000000c5d80000, 0x00000000eab00000)
  object space 95744K, 48% used [0x00000000c0000000,0x00000000c2d1e8b8,0x00000000c5d80000)
 Metaspace       used 56904K, capacity 58280K, committed 58408K, reserved 1099776K
  class space    used 7558K, capacity 7961K, committed 7984K, reserved 1048576K
Event: 6228.747 GC heap after
Heap after GC invocations=25 (full 2):
 PSYoungGen      total 302080K, used 19034K [0x00000000eab00000, 0x0000000100000000, 0x0000000100000000)
  eden space 282624K, 0% used [0x00000000eab00000,0x00000000eab00000,0x00000000fbf00000)
  from space 19456K, 97% used [0x00000000fbf00000,0x00000000fd196a68,0x00000000fd200000)
  to   space 33792K, 0% used [0x00000000fdf00000,0x00000000fdf00000,0x0000000100000000)
 ParOldGen       total 95744K, used 61221K [0x00000000c0000000, 0x00000000c5d80000, 0x00000000eab00000)
  object space 95744K, 63% used [0x00000000c0000000,0x00000000c3bc9760,0x00000000c5d80000)
 Metaspace       used 56904K, capacity 58280K, committed 58408K, reserved 1099776K
  class space    used 7558K, capacity 7961K, committed 7984K, reserved 1048576K
}

