# JRE version: Java(TM) SE Runtime Environment (8.0_131-b11) (build 1.8.0_131-b11)
# Java VM: Java HotSpot(TM) 64-Bit Server VM (25.131-b11 mixed mode windows-amd64 compressed oops)
Heap:
 PSYoungGen      total 179712K, used 19826K [0x00000000eab00000, 0x00000000f6a00000, 0x0000000100000000)
  eden space 165376K, 3% used [0x00000000eab00000,0x00000000eb134b30,0x00000000f4c80000)
  from space 14336K, 93% used [0x00000000f4c80000,0x00000000f59a8030,0x00000000f5a80000)
  to   space 13824K, 0% used [0x00000000f5a80000,0x00000000f5a80000,0x00000000f6800000)
 ParOldGen       total 59904K, used 17815K [0x00000000c0000000, 0x00000000c3a80000, 0x00000000eab00000)
  object space 59904K, 29% used [0x00000000c0000000,0x00000000c1165db8,0x00000000c3a80000)
 Metaspace       used 40813K, capacity 41952K, committed 42024K, reserved 1085440K
  class space    used 5829K, capacity 6152K, committed 6184K, reserved 1048576K
GC Heap History (10 events):
Event: 9.425 GC heap before
{Heap before GC invocations=9 (full 1):
 PSYoungGen      total 140288K, used 58994K [0x00000000eab00000, 0x00000000f6080000, 0x0000000100000000)
  eden space 130560K, 37% used [0x00000000eab00000,0x00000000edb20a80,0x00000000f2a80000)
  from space 9728K, 99% used [0x00000000f2a80000,0x00000000f33fbf28,0x00000000f3400000)
  to   space 12288K, 0% used [0x00000000f5480000,0x00000000f5480000,0x00000000f6080000)
 ParOldGen       total 59904K, used 11379K [0x00000000c0000000, 0x00000000c3a80000, 0x00000000eab00000)
  object space 59904K, 18% used [0x00000000c0000000,0x00000000c0b1cfa8,0x00000000c3a80000)
 Metaspace       used 34679K, capacity 35410K, committed 35496K, reserved 1079296K
  class space    used 5032K, capacity 5266K, committed 5288K, reserved 1048576K
Event: 9.444 GC heap after
Heap after GC invocations=9 (full 1):
 PSYoungGen      total 142848K, used 10967K [0x00000000eab00000, 0x00000000f6080000, 0x0000000100000000)
  eden space 130560K, 0% used [0x00000000eab00000,0x00000000eab00000,0x00000000f2a80000)
  from space 12288K, 89% used [0x00000000f5480000,0x00000000f5f35f78,0x00000000f6080000)
  to   space 9728K, 0% used [0x00000000f2a80000,0x00000000f2a80000,0x00000000f3400000)
 ParOldGen       total 59904K, used 11387K [0x00000000c0000000, 0x00000000c3a80000, 0x00000000eab00000)
  object space 59904K, 19% used [0x00000000c0000000,0x00000000c0b1efa8,0x00000000c3a80000)
 Metaspace       used 34679K, capacity 35410K, committed 35496K, reserved 1079296K
  class space    used 5032K, capacity 5266K, committed 5288K, reserved 1048576K
}
Event: 9.444 GC heap before
{Heap before GC invocations=10 (full 2):
 PSYoungGen      total 142848K, used 10967K [0x00000000eab00000, 0x00000000f6080000, 0x0000000100000000)
  eden space 130560K, 0% used [0x00000000eab00000,0x00000000eab00000,0x00000000f2a80000)
  from space 12288K, 89% used [0x00000000f5480000,0x00000000f5f35f78,0x00000000f6080000)
  to   space 9728K, 0% used [0x00000000f2a80000,0x00000000f2a80000,0x00000000f3400000)
 ParOldGen       total 59904K, used 11387K [0x00000000c0000000, 0x00000000c3a80000, 0x00000000eab00000)
  object space 59904K, 19% used [0x00000000c0000000,0x00000000c0b1efa8,0x00000000c3a80000)
 Metaspace       used 34679K, capacity 35410K, committed 35496K, reserved 1079296K
  class space    used 5032K, capacity 5266K, committed 5288K, reserved 1048576K
Event: 9.553 GC heap after
Heap after GC invocations=10 (full 2):
 PSYoungGen      total 142848K, used 0K [0x00000000eab00000, 0x00000000f6080000, 0x0000000100000000)
  eden space 130560K, 0% used [0x00000000eab00000,0x00000000eab00000,0x00000000f2a80000)
  from space 12288K, 0% used [0x00000000f5480000,0x00000000f5480000,0x00000000f6080000)
  to   space 9728K, 0% used [0x00000000f2a80000,0x00000000f2a80000,0x00000000f3400000)
 ParOldGen       total 59904K, used 17354K [0x00000000c0000000, 0x00000000c3a80000, 0x00000000eab00000)
  object space 59904K, 28% used [0x00000000c0000000,0x00000000c10f28a0,0x00000000c3a80000)
 Metaspace       used 34679K, capacity 35410K, committed 35496K, reserved 1079296K
  class space    used 5032K, capacity 5266K, committed 5288K, reserved 1048576K
}
Event: 12.396 GC heap before
{Heap before GC invocations=11 (full 2):
 PSYoungGen      total 142848K, used 130560K [0x00000000eab00000, 0x00000000f6080000, 0x0000000100000000)
  eden space 130560K, 100% used [0x00000000eab00000,0x00000000f2a80000,0x00000000f2a80000)
  from space 12288K, 0% used [0x00000000f5480000,0x00000000f5480000,0x00000000f6080000)
  to   space 9728K, 0% used [0x00000000f2a80000,0x00000000f2a80000,0x00000000f3400000)
 ParOldGen       total 59904K, used 17354K [0x00000000c0000000, 0x00000000c3a80000, 0x00000000eab00000)
  object space 59904K, 28% used [0x00000000c0000000,0x00000000c10f28a0,0x00000000c3a80000)
 Metaspace       used 38907K, capacity 39990K, committed 40104K, reserved 1083392K
  class space    used 5639K, capacity 5973K, committed 6056K, reserved 1048576K
Event: 12.410 GC heap after
Heap after GC invocations=11 (full 2):
 PSYoungGen      total 140288K, used 9723K [0x00000000eab00000, 0x00000000f6800000, 0x0000000100000000)
  eden space 130560K, 0% used [0x00000000eab00000,0x00000000eab00000,0x00000000f2a80000)
  from space 9728K, 99% used [0x00000000f2a80000,0x00000000f33fef50,0x00000000f3400000)
  to   space 13824K, 0% used [0x00000000f5a80000,0x00000000f5a80000,0x00000000f6800000)
 ParOldGen       total 59904K, used 17799K [0x00000000c0000000, 0x00000000c3a80000, 0x00000000eab00000)
  object space 59904K, 29% used [0x00000000c0000000,0x00000000c1161db8,0x00000000c3a80000)
 Metaspace       used 38907K, capacity 39990K, committed 40104K, reserved 1083392K
  class space    used 5639K, capacity 5973K, committed 6056K, reserved 1048576K
}
Event: 13.532 GC heap before
{Heap before GC invocations=12 (full 2):
 PSYoungGen      total 140288K, used 140283K [0x00000000eab00000, 0x00000000f6800000, 0x0000000100000000)
  eden space 130560K, 100% used [0x00000000eab00000,0x00000000f2a80000,0x00000000f2a80000)
  from space 9728K, 99% used [0x00000000f2a80000,0x00000000f33fef50,0x00000000f3400000)
  to   space 13824K, 0% used [0x00000000f5a80000,0x00000000f5a80000,0x00000000f6800000)
 ParOldGen       total 59904K, used 17799K [0x00000000c0000000, 0x00000000c3a80000, 0x00000000eab00000)
  object space 59904K, 29% used [0x00000000c0000000,0x00000000c1161db8,0x00000000c3a80000)
 Metaspace       used 39283K, capacity 40416K, committed 40616K, reserved 1083392K
  class space    used 5655K, capacity 5980K, committed 6056K, reserved 1048576K
Event: 13.551 GC heap after
Heap after GC invocations=12 (full 2):
 PSYoungGen      total 179200K, used 10672K [0x00000000eab00000, 0x00000000f6a00000, 0x0000000100000000)
  eden space 165376K, 0% used [0x00000000eab00000,0x00000000eab00000,0x00000000f4c80000)
  from space 13824K, 77% used [0x00000000f5a80000,0x00000000f64ec040,0x00000000f6800000)
  to   space 14336K, 0% used [0x00000000f4c80000,0x00000000f4c80000,0x00000000f5a80000)
 ParOldGen       total 59904K, used 17807K [0x00000000c0000000, 0x00000000c3a80000, 0x00000000eab00000)
  object space 59904K, 29% used [0x00000000c0000000,0x00000000c1163db8,0x00000000c3a80000)
 Metaspace       used 39283K, capacity 40416K, committed 40616K, reserved 1083392K
  class space    used 5655K, capacity 5980K, committed 6056K, reserved 1048576K
}
Event: 15.508 GC heap before
{Heap before GC invocations=13 (full 2):
 PSYoungGen      total 179200K, used 176048K [0x00000000eab00000, 0x00000000f6a00000, 0x0000000100000000)
  eden space 165376K, 100% used [0x00000000eab00000,0x00000000f4c80000,0x00000000f4c80000)
  from space 13824K, 77% used [0x00000000f5a80000,0x00000000f64ec040,0x00000000f6800000)
  to   space 14336K, 0% used [0x00000000f4c80000,0x00000000f4c80000,0x00000000f5a80000)
 ParOldGen       total 59904K, used 17807K [0x00000000c0000000, 0x00000000c3a80000, 0x00000000eab00000)
  object space 59904K, 29% used [0x00000000c0000000,0x00000000c1163db8,0x00000000c3a80000)
 Metaspace       used 40747K, capacity 41870K, committed 42024K, reserved 1085440K
  class space    used 5815K, capacity 6146K, committed 6184K, reserved 1048576K
Event: 15.635 GC heap after
Heap after GC invocations=13 (full 2):
 PSYoungGen      total 179712K, used 13472K [0x00000000eab00000, 0x00000000f6a00000, 0x0000000100000000)
  eden space 165376K, 0% used [0x00000000eab00000,0x00000000eab00000,0x00000000f4c80000)
  from space 14336K, 93% used [0x00000000f4c80000,0x00000000f59a8030,0x00000000f5a80000)
  to   space 13824K, 0% used [0x00000000f5a80000,0x00000000f5a80000,0x00000000f6800000)
 ParOldGen       total 59904K, used 17815K [0x00000000c0000000, 0x00000000c3a80000, 0x00000000eab00000)
  object space 59904K, 29% used [0x00000000c0000000,0x00000000c1165db8,0x00000000c3a80000)
 Metaspace       used 40747K, capacity 41870K, committed 42024K, reserved 1085440K
  class space    used 5815K, capacity 6146K, committed 6184K, reserved 1048576K
}

